<?xml version="1.0" encoding="UTF-8"?>
<coverage generated="1617951773255" clover="3.2.0">
  <project timestamp="1617951773255" name="All files">
    <metrics statements="14" coveredstatements="14" conditionals="8" coveredconditionals="4" methods="2" coveredmethods="2" elements="24" coveredelements="20" complexity="0" loc="14" ncloc="14" packages="2" files="2" classes="2"/>
    <package name="Avatar">
      <metrics statements="4" coveredstatements="4" conditionals="2" coveredconditionals="1" methods="1" coveredmethods="1"/>
      <file name="Avatar.tsx" path="/Users/goldenowl/Desktop/React-boilerplate/Demo1/src/components/Avatar/Avatar.tsx">
        <metrics statements="4" coveredstatements="4" conditionals="2" coveredconditionals="1" methods="1" coveredmethods="1"/>
        <line num="2" count="1" type="stmt"/>
        <line num="9" count="2" type="stmt"/>
        <line num="10" count="2" type="stmt"/>
        <line num="16" count="1" type="stmt"/>
      </file>
    </package>
    <package name="Button">
      <metrics statements="10" coveredstatements="10" conditionals="6" coveredconditionals="3" methods="1" coveredmethods="1"/>
      <file name="Button.tsx" path="/Users/goldenowl/Desktop/React-boilerplate/Demo1/src/components/Button/Button.tsx">
        <metrics statements="10" coveredstatements="10" conditionals="6" coveredconditionals="3" methods="1" coveredmethods="1"/>
        <line num="2" count="1" type="stmt"/>
        <line num="30" count="1" type="stmt"/>
        <line num="31" count="1" type="cond" truecount="1" falsecount="1"/>
        <line num="32" count="1" type="cond" truecount="1" falsecount="1"/>
        <line num="33" count="1" type="stmt"/>
        <line num="34" count="1" type="stmt"/>
        <line num="35" count="1" type="stmt"/>
        <line num="37" count="1" type="stmt"/>
        <line num="40" count="1" type="stmt"/>
        <line num="54" count="1" type="stmt"/>
      </file>
    </package>
  </project>
</coverage>
