{"/Users/goldenowl/Desktop/React-boilerplate/Demo1/src/components/Avatar/Avatar.tsx": {"path":"/Users/goldenowl/Desktop/React-boilerplate/Demo1/src/components/Avatar/Avatar.tsx","statementMap":{"0":{"start":{"line":2,"column":0},"end":{"line":2,"column":30}},"1":{"start":{"line":9,"column":24},"end":{"line":14,"column":1}},"2":{"start":{"line":9,"column":31},"end":{"line":9,"column":33}},"3":{"start":{"line":9,"column":37},"end":{"line":9,"column":42}},"4":{"start":{"line":9,"column":47},"end":{"line":9,"column":54}},"5":{"start":{"line":10,"column":2},"end":{"line":13,"column":null}},"6":{"start":{"line":16,"column":0},"end":{"line":16,"column":31}}},"fnMap":{"0":{"name":"(anonymous_1)","decl":{"start":{"line":9,"column":24},"end":{"line":9,"column":25}},"loc":{"start":{"line":9,"column":54},"end":{"line":14,"column":1}}}},"branchMap":{"0":{"loc":{"start":{"line":12,"column":10},"end":{"line":12,"column":14}},"type":"binary-expr","locations":[{"start":{"line":12,"column":10},"end":{"line":12,"column":14}},{"start":{"line":12,"column":18},"end":{"line":12,"column":20}}]}},"s":{"0":1,"1":1,"2":2,"3":2,"4":2,"5":2,"6":1},"f":{"0":2},"b":{"0":[2,0]}}
,"/Users/goldenowl/Desktop/React-boilerplate/Demo1/src/components/Button/Button.tsx": {"path":"/Users/goldenowl/Desktop/React-boilerplate/Demo1/src/components/Button/Button.tsx","statementMap":{"0":{"start":{"line":2,"column":0},"end":{"line":2,"column":22}},"1":{"start":{"line":30,"column":15},"end":{"line":52,"column":1}},"2":{"start":{"line":31,"column":2},"end":{"line":31,"column":9}},"3":{"start":{"line":31,"column":9},"end":{"line":31,"column":null}},"4":{"start":{"line":32,"column":2},"end":{"line":32,"column":6}},"5":{"start":{"line":32,"column":6},"end":{"line":32,"column":null}},"6":{"start":{"line":33,"column":17},"end":{"line":33,"column":null}},"7":{"start":{"line":34,"column":7},"end":{"line":34,"column":null}},"8":{"start":{"line":35,"column":10},"end":{"line":36,"column":6}},"9":{"start":{"line":37,"column":15},"end":{"line":39,"column":35}},"10":{"start":{"line":40,"column":2},"end":{"line":51,"column":4}},"11":{"start":{"line":54,"column":0},"end":{"line":54,"column":22}}},"fnMap":{"0":{"name":"(anonymous_3)","decl":{"start":{"line":30,"column":15},"end":{"line":30,"column":16}},"loc":{"start":{"line":36,"column":6},"end":{"line":52,"column":1}}}},"branchMap":{"0":{"loc":{"start":{"line":31,"column":12},"end":{"line":31,"column":17}},"type":"cond-expr","locations":[{"start":{"line":31,"column":12},"end":{"line":31,"column":17}},{"start":{"line":31,"column":17},"end":{"line":31,"column":null}}]},"1":{"loc":{"start":{"line":32,"column":9},"end":{"line":32,"column":17}},"type":"cond-expr","locations":[{"start":{"line":32,"column":9},"end":{"line":32,"column":17}},{"start":{"line":32,"column":17},"end":{"line":32,"column":null}}]},"2":{"loc":{"start":{"line":38,"column":6},"end":{"line":38,"column":33}},"type":"cond-expr","locations":[{"start":{"line":38,"column":6},"end":{"line":38,"column":33}},{"start":{"line":39,"column":6},"end":{"line":39,"column":35}}]}},"s":{"0":1,"1":1,"2":1,"3":1,"4":1,"5":1,"6":1,"7":1,"8":1,"9":1,"10":1,"11":1},"f":{"0":1},"b":{"0":[1,0],"1":[1,0],"2":[0,1]}}
}
